build/app/intermediates/manifest_merge_blame_file/debug/manifest-merger-blame-debug-report.txt
1<?xml version="1.0" encoding="utf-8"?>
2<manifest xmlns:android="http://schemas.android.com/apk/res/android"
3    package="com.example.janthirak_mobile_dev"
4    android:versionCode="1"
5    android:versionName="1.0.0" >
6
7    <uses-sdk
8        android:minSdkVersion="16"
9        android:targetSdkVersion="30" />
10    <!--
11         Flutter needs it to communicate with the running application
12         to allow setting breakpoints, to provide hot reload, etc.
13    -->
14    <uses-permission android:name="android.permission.INTERNET" />
14-->src\main\AndroidManifest.xml:4:5-66
14-->src\main\AndroidManifest.xml:4:22-64
15    <uses-permission android:name="android.permission.ACCESS_NETWORK_STATE" />
15-->[com.google.firebase:firebase-auth:21.0.1] AndroidManifest.xml:24:5-79
15-->[com.google.firebase:firebase-auth:21.0.1] AndroidManifest.xml:24:22-76
16    <uses-permission android:name="android.permission.WAKE_LOCK" />
16-->[com.google.android.gms:play-services-measurement-api:19.0.0] AndroidManifest.xml:24:5-68
16-->[com.google.android.gms:play-services-measurement-api:19.0.0] AndroidManifest.xml:24:22-65
17    <uses-permission android:name="com.google.android.finsky.permission.BIND_GET_INSTALL_REFERRER_SERVICE" />
17-->[com.google.android.gms:play-services-measurement:19.0.0] AndroidManifest.xml:26:5-110
17-->[com.google.android.gms:play-services-measurement:19.0.0] AndroidManifest.xml:26:22-107
18
19    <application
19-->src\main\AndroidManifest.xml:6:5-68:19
20        android:appComponentFactory="androidx.core.app.CoreComponentFactory"
20-->[androidx.core:core:1.1.0] AndroidManifest.xml:24:18-86
21        android:debuggable="true"
22        android:icon="@mipmap/ic_launcher"
22-->src\main\AndroidManifest.xml:8:9-43
23        android:label="janthirak_mobile_dev" >
23-->src\main\AndroidManifest.xml:7:9-45
24        <activity
24-->src\main\AndroidManifest.xml:9:9-37:20
25            android:name="com.example.janthirak_mobile_dev.MainActivity"
25-->src\main\AndroidManifest.xml:10:13-41
26            android:configChanges="orientation|keyboardHidden|keyboard|screenSize|smallestScreenSize|locale|layoutDirection|fontScale|screenLayout|density|uiMode"
26-->src\main\AndroidManifest.xml:13:13-163
27            android:hardwareAccelerated="true"
27-->src\main\AndroidManifest.xml:14:13-47
28            android:launchMode="singleTop"
28-->src\main\AndroidManifest.xml:11:13-43
29            android:theme="@style/LaunchTheme"
29-->src\main\AndroidManifest.xml:12:13-47
30            android:windowSoftInputMode="adjustResize" >
30-->src\main\AndroidManifest.xml:15:13-55
31
32            <!--
33                 Specifies an Android theme to apply to this Activity as soon as
34                 the Android process has started. This theme is visible to the user
35                 while the Flutter UI initializes. After that, this theme continues
36                 to determine the Window background behind the Flutter UI.
37            -->
38            <meta-data
38-->src\main\AndroidManifest.xml:20:13-23:17
39                android:name="io.flutter.embedding.android.NormalTheme"
39-->src\main\AndroidManifest.xml:21:15-70
40                android:resource="@style/NormalTheme" />
40-->src\main\AndroidManifest.xml:22:15-52
41            <!--
42                 Displays an Android View that continues showing the launch screen
43                 Drawable until Flutter paints its first frame, then this splash
44                 screen fades out. A splash screen is useful to avoid any visual
45                 gap between the end of Android's launch screen and the painting of
46                 Flutter's first frame.
47            -->
48            <meta-data
48-->src\main\AndroidManifest.xml:29:13-32:17
49                android:name="io.flutter.embedding.android.SplashScreenDrawable"
49-->src\main\AndroidManifest.xml:30:15-79
50                android:resource="@drawable/launch_background" />
50-->src\main\AndroidManifest.xml:31:15-61
51
52            <intent-filter>
52-->src\main\AndroidManifest.xml:33:13-36:29
53                <action android:name="android.intent.action.MAIN" />
53-->src\main\AndroidManifest.xml:34:17-68
53-->src\main\AndroidManifest.xml:34:25-66
54
55                <category android:name="android.intent.category.LAUNCHER" />
55-->src\main\AndroidManifest.xml:35:17-76
55-->src\main\AndroidManifest.xml:35:27-74
56            </intent-filter>
57        </activity>
58        <!--
59             Don't delete the meta-data below.
60             This is used by the Flutter tool to generate GeneratedPluginRegistrant.java
61        -->
62        <meta-data
62-->src\main\AndroidManifest.xml:40:9-42:33
63            android:name="flutterEmbedding"
63-->src\main\AndroidManifest.xml:41:13-44
64            android:value="2" />
64-->src\main\AndroidManifest.xml:42:13-30
65
66        <!-- <meta-data android:name="com.facebook.sdk.ApplicationId" -->
67        <!-- android:value="@string/facebook_app_id"/> -->
68
69
70        <!-- <activity android:name="com.facebook.FacebookActivity" -->
71        <!-- android:configChanges= -->
72        <!-- "keyboard|keyboardHidden|screenLayout|screenSize|orientation" -->
73        <!-- android:label="@string/app_name" /> -->
74
75
76        <!-- <activity -->
77        <!-- android:name="com.facebook.CustomTabActivity" -->
78        <!-- android:exported="true"> -->
79        <!-- <intent-filter> -->
80        <!-- <action android:name="android.intent.action.VIEW" /> -->
81        <!-- <category android:name="android.intent.category.DEFAULT" /> -->
82        <!-- <category android:name="android.intent.category.BROWSABLE" /> -->
83        <!-- <data android:scheme="@string/fb_login_protocol_scheme" /> -->
84        <!-- </intent-filter> -->
85        <!-- </activity> -->
86
87        <service
87-->[:firebase_auth] AndroidManifest.xml:8:9-12:19
88            android:name="com.google.firebase.components.ComponentDiscoveryService"
88-->[:firebase_auth] AndroidManifest.xml:8:18-89
89            android:directBootAware="true"
89-->[com.google.firebase:firebase-common:20.0.0] AndroidManifest.xml:35:13-43
90            android:exported="false" >
90-->[com.google.firebase:firebase-auth:21.0.1] AndroidManifest.xml:76:13-37
91            <meta-data
91-->[:firebase_auth] AndroidManifest.xml:9:13-11:85
92                android:name="com.google.firebase.components:io.flutter.plugins.firebase.auth.FlutterFirebaseAuthRegistrar"
92-->[:firebase_auth] AndroidManifest.xml:10:17-124
93                android:value="com.google.firebase.components.ComponentRegistrar" />
93-->[:firebase_auth] AndroidManifest.xml:11:17-82
94            <meta-data
94-->[:firebase_core] AndroidManifest.xml:9:13-11:85
95                android:name="com.google.firebase.components:io.flutter.plugins.firebase.core.FlutterFirebaseCoreRegistrar"
95-->[:firebase_core] AndroidManifest.xml:10:17-124
96                android:value="com.google.firebase.components.ComponentRegistrar" />
96-->[:firebase_core] AndroidManifest.xml:11:17-82
97            <meta-data
97-->[com.google.firebase:firebase-auth:21.0.1] AndroidManifest.xml:77:13-79:85
98                android:name="com.google.firebase.components:com.google.firebase.auth.FirebaseAuthRegistrar"
98-->[com.google.firebase:firebase-auth:21.0.1] AndroidManifest.xml:78:17-109
99                android:value="com.google.firebase.components.ComponentRegistrar" />
99-->[com.google.firebase:firebase-auth:21.0.1] AndroidManifest.xml:79:17-82
100            <meta-data
100-->[com.google.android.gms:play-services-measurement-api:19.0.0] AndroidManifest.xml:30:13-32:85
101                android:name="com.google.firebase.components:com.google.firebase.analytics.connector.internal.AnalyticsConnectorRegistrar"
101-->[com.google.android.gms:play-services-measurement-api:19.0.0] AndroidManifest.xml:31:17-139
102                android:value="com.google.firebase.components.ComponentRegistrar" />
102-->[com.google.android.gms:play-services-measurement-api:19.0.0] AndroidManifest.xml:32:17-82
103            <meta-data
103-->[com.google.firebase:firebase-installations:17.0.0] AndroidManifest.xml:18:13-20:85
104                android:name="com.google.firebase.components:com.google.firebase.installations.FirebaseInstallationsRegistrar"
104-->[com.google.firebase:firebase-installations:17.0.0] AndroidManifest.xml:19:17-127
105                android:value="com.google.firebase.components.ComponentRegistrar" />
105-->[com.google.firebase:firebase-installations:17.0.0] AndroidManifest.xml:20:17-82
106        </service>
107
108        <provider
108-->[:image_picker] AndroidManifest.xml:8:9-16:20
109            android:name="io.flutter.plugins.imagepicker.ImagePickerFileProvider"
109-->[:image_picker] AndroidManifest.xml:9:13-82
110            android:authorities="com.example.janthirak_mobile_dev.flutter.image_provider"
110-->[:image_picker] AndroidManifest.xml:10:13-74
111            android:exported="false"
111-->[:image_picker] AndroidManifest.xml:11:13-37
112            android:grantUriPermissions="true" >
112-->[:image_picker] AndroidManifest.xml:12:13-47
113            <meta-data
113-->[:image_picker] AndroidManifest.xml:13:13-15:75
114                android:name="android.support.FILE_PROVIDER_PATHS"
114-->[:image_picker] AndroidManifest.xml:14:17-67
115                android:resource="@xml/flutter_image_picker_file_paths" />
115-->[:image_picker] AndroidManifest.xml:15:17-72
116        </provider>
117
118        <activity
118-->[com.google.firebase:firebase-auth:21.0.1] AndroidManifest.xml:27:9-44:20
119            android:name="com.google.firebase.auth.internal.GenericIdpActivity"
119-->[com.google.firebase:firebase-auth:21.0.1] AndroidManifest.xml:28:13-80
120            android:excludeFromRecents="true"
120-->[com.google.firebase:firebase-auth:21.0.1] AndroidManifest.xml:29:13-46
121            android:exported="true"
121-->[com.google.firebase:firebase-auth:21.0.1] AndroidManifest.xml:30:13-36
122            android:launchMode="singleTask"
122-->[com.google.firebase:firebase-auth:21.0.1] AndroidManifest.xml:31:13-44
123            android:theme="@android:style/Theme.Translucent.NoTitleBar" >
123-->[com.google.firebase:firebase-auth:21.0.1] AndroidManifest.xml:32:13-72
124            <intent-filter>
124-->[com.google.firebase:firebase-auth:21.0.1] AndroidManifest.xml:33:13-43:29
125                <action android:name="android.intent.action.VIEW" />
125-->[com.google.firebase:firebase-auth:21.0.1] AndroidManifest.xml:34:17-69
125-->[com.google.firebase:firebase-auth:21.0.1] AndroidManifest.xml:34:25-66
126
127                <category android:name="android.intent.category.DEFAULT" />
127-->[com.google.firebase:firebase-auth:21.0.1] AndroidManifest.xml:36:17-76
127-->[com.google.firebase:firebase-auth:21.0.1] AndroidManifest.xml:36:27-73
128                <category android:name="android.intent.category.BROWSABLE" />
128-->[com.google.firebase:firebase-auth:21.0.1] AndroidManifest.xml:37:17-78
128-->[com.google.firebase:firebase-auth:21.0.1] AndroidManifest.xml:37:27-75
129
130                <data
130-->[com.google.firebase:firebase-auth:21.0.1] AndroidManifest.xml:39:17-42:51
131                    android:host="firebase.auth"
131-->[com.google.firebase:firebase-auth:21.0.1] AndroidManifest.xml:40:21-49
132                    android:path="/"
132-->[com.google.firebase:firebase-auth:21.0.1] AndroidManifest.xml:41:21-37
133                    android:scheme="genericidp" />
133-->[com.google.firebase:firebase-auth:21.0.1] AndroidManifest.xml:42:21-48
134            </intent-filter>
135        </activity>
136        <activity
136-->[com.google.firebase:firebase-auth:21.0.1] AndroidManifest.xml:45:9-62:20
137            android:name="com.google.firebase.auth.internal.RecaptchaActivity"
137-->[com.google.firebase:firebase-auth:21.0.1] AndroidManifest.xml:46:13-79
138            android:excludeFromRecents="true"
138-->[com.google.firebase:firebase-auth:21.0.1] AndroidManifest.xml:47:13-46
139            android:exported="true"
139-->[com.google.firebase:firebase-auth:21.0.1] AndroidManifest.xml:48:13-36
140            android:launchMode="singleTask"
140-->[com.google.firebase:firebase-auth:21.0.1] AndroidManifest.xml:49:13-44
141            android:theme="@android:style/Theme.Translucent.NoTitleBar" >
141-->[com.google.firebase:firebase-auth:21.0.1] AndroidManifest.xml:50:13-72
142            <intent-filter>
142-->[com.google.firebase:firebase-auth:21.0.1] AndroidManifest.xml:51:13-61:29
143                <action android:name="android.intent.action.VIEW" />
143-->[com.google.firebase:firebase-auth:21.0.1] AndroidManifest.xml:34:17-69
143-->[com.google.firebase:firebase-auth:21.0.1] AndroidManifest.xml:34:25-66
144
145                <category android:name="android.intent.category.DEFAULT" />
145-->[com.google.firebase:firebase-auth:21.0.1] AndroidManifest.xml:36:17-76
145-->[com.google.firebase:firebase-auth:21.0.1] AndroidManifest.xml:36:27-73
146                <category android:name="android.intent.category.BROWSABLE" />
146-->[com.google.firebase:firebase-auth:21.0.1] AndroidManifest.xml:37:17-78
146-->[com.google.firebase:firebase-auth:21.0.1] AndroidManifest.xml:37:27-75
147
148                <data
148-->[com.google.firebase:firebase-auth:21.0.1] AndroidManifest.xml:39:17-42:51
149                    android:host="firebase.auth"
149-->[com.google.firebase:firebase-auth:21.0.1] AndroidManifest.xml:40:21-49
150                    android:path="/"
150-->[com.google.firebase:firebase-auth:21.0.1] AndroidManifest.xml:41:21-37
151                    android:scheme="recaptcha" />
151-->[com.google.firebase:firebase-auth:21.0.1] AndroidManifest.xml:42:21-48
152            </intent-filter>
153        </activity>
154
155        <service
155-->[com.google.firebase:firebase-auth:21.0.1] AndroidManifest.xml:64:9-73:19
156            android:name="com.google.firebase.auth.api.fallback.service.FirebaseAuthFallbackService"
156-->[com.google.firebase:firebase-auth:21.0.1] AndroidManifest.xml:65:13-101
157            android:enabled="true"
157-->[com.google.firebase:firebase-auth:21.0.1] AndroidManifest.xml:66:13-35
158            android:exported="false" >
158-->[com.google.firebase:firebase-auth:21.0.1] AndroidManifest.xml:67:13-37
159            <intent-filter>
159-->[com.google.firebase:firebase-auth:21.0.1] AndroidManifest.xml:68:13-72:29
160                <action android:name="com.google.firebase.auth.api.gms.service.START" />
160-->[com.google.firebase:firebase-auth:21.0.1] AndroidManifest.xml:69:17-89
160-->[com.google.firebase:firebase-auth:21.0.1] AndroidManifest.xml:69:25-86
161
162                <category android:name="android.intent.category.DEFAULT" />
162-->[com.google.firebase:firebase-auth:21.0.1] AndroidManifest.xml:36:17-76
162-->[com.google.firebase:firebase-auth:21.0.1] AndroidManifest.xml:36:27-73
163            </intent-filter>
164        </service>
165
166        <activity
166-->[com.google.android.gms:play-services-base:17.1.0] AndroidManifest.xml:23:9-26:75
167            android:name="com.google.android.gms.common.api.GoogleApiActivity"
167-->[com.google.android.gms:play-services-base:17.1.0] AndroidManifest.xml:24:13-79
168            android:exported="false"
168-->[com.google.android.gms:play-services-base:17.1.0] AndroidManifest.xml:25:13-37
169            android:theme="@android:style/Theme.Translucent.NoTitleBar" />
169-->[com.google.android.gms:play-services-base:17.1.0] AndroidManifest.xml:26:13-72
170
171        <provider
171-->[com.google.firebase:firebase-common:20.0.0] AndroidManifest.xml:26:9-31:39
172            android:name="com.google.firebase.provider.FirebaseInitProvider"
172-->[com.google.firebase:firebase-common:20.0.0] AndroidManifest.xml:27:13-77
173            android:authorities="com.example.janthirak_mobile_dev.firebaseinitprovider"
173-->[com.google.firebase:firebase-common:20.0.0] AndroidManifest.xml:28:13-72
174            android:directBootAware="true"
174-->[com.google.firebase:firebase-common:20.0.0] AndroidManifest.xml:29:13-43
175            android:exported="false"
175-->[com.google.firebase:firebase-common:20.0.0] AndroidManifest.xml:30:13-37
176            android:initOrder="100" />
176-->[com.google.firebase:firebase-common:20.0.0] AndroidManifest.xml:31:13-36
177
178        <receiver
178-->[com.google.android.gms:play-services-measurement:19.0.0] AndroidManifest.xml:29:9-33:20
179            android:name="com.google.android.gms.measurement.AppMeasurementReceiver"
179-->[com.google.android.gms:play-services-measurement:19.0.0] AndroidManifest.xml:30:13-85
180            android:enabled="true"
180-->[com.google.android.gms:play-services-measurement:19.0.0] AndroidManifest.xml:31:13-35
181            android:exported="false" >
181-->[com.google.android.gms:play-services-measurement:19.0.0] AndroidManifest.xml:32:13-37
182        </receiver>
183
184        <service
184-->[com.google.android.gms:play-services-measurement:19.0.0] AndroidManifest.xml:35:9-38:40
185            android:name="com.google.android.gms.measurement.AppMeasurementService"
185-->[com.google.android.gms:play-services-measurement:19.0.0] AndroidManifest.xml:36:13-84
186            android:enabled="true"
186-->[com.google.android.gms:play-services-measurement:19.0.0] AndroidManifest.xml:37:13-35
187            android:exported="false" />
187-->[com.google.android.gms:play-services-measurement:19.0.0] AndroidManifest.xml:38:13-37
188        <service
188-->[com.google.android.gms:play-services-measurement:19.0.0] AndroidManifest.xml:39:9-43:72
189            android:name="com.google.android.gms.measurement.AppMeasurementJobService"
189-->[com.google.android.gms:play-services-measurement:19.0.0] AndroidManifest.xml:40:13-87
190            android:enabled="true"
190-->[com.google.android.gms:play-services-measurement:19.0.0] AndroidManifest.xml:41:13-35
191            android:exported="false"
191-->[com.google.android.gms:play-services-measurement:19.0.0] AndroidManifest.xml:42:13-37
192            android:permission="android.permission.BIND_JOB_SERVICE" />
192-->[com.google.android.gms:play-services-measurement:19.0.0] AndroidManifest.xml:43:13-69
193
194        <meta-data
194-->[com.google.android.gms:play-services-basement:17.1.0] AndroidManifest.xml:23:9-25:69
195            android:name="com.google.android.gms.version"
195-->[com.google.android.gms:play-services-basement:17.1.0] AndroidManifest.xml:24:13-58
196            android:value="@integer/google_play_services_version" />
196-->[com.google.android.gms:play-services-basement:17.1.0] AndroidManifest.xml:25:13-66
197    </application>
198
199</manifest>